<?xml version="1.0" encoding="UTF-8"?>
<!-- Generated by org.testng.reporters.JUnitXMLReporter -->
<testsuite ignored="2" hostname="LAPTOP-0Q4RTEV5" failures="0" tests="1" name="Default test" time="4.226" errors="0" timestamp="03 Jun 2020 12:17:31 GMT">
  <testcase classname="com.sampleProject.testcases.LoginTest" name="loginAsBankManager" time="4.2"/>
  <testcase classname="com.sampleProject.base.TestBase" name="@BeforeSuite setUp" time="0.0">
    <ignored/>
  </testcase> <!-- @BeforeSuite setUp -->
  <testcase classname="com.sampleProject.base.TestBase" name="@AfterSuite tearDown" time="0.0">
    <ignored/>
  </testcase> <!-- @AfterSuite tearDown -->
</testsuite> <!-- Default test -->
