<?xml version="1.0" encoding="UTF-8"?>
<!-- Generated by org.testng.reporters.JUnitXMLReporter -->
<testsuite ignored="0" hostname="LAPTOP-0Q4RTEV5" failures="1" tests="1" name="Bank Manager LoginTest" time="3.556" errors="0" timestamp="18 Jul 2020 15:49:04 GMT">
  <testcase classname="com.sampleProject.testcases.BankManagerLoginTest" name="loginAsBankManager" time="3.485">
    <failure type="java.lang.AssertionError" message="Login Not successfull">
      <![CDATA[java.lang.AssertionError: Login Not successfull
	at com.sampleProject.testcases.BankManagerLoginTest.loginAsBankManager(BankManagerLoginTest.java:27)
... Removed 26 stack frames]]>
    </failure>
  </testcase> <!-- loginAsBankManager -->
</testsuite> <!-- Bank Manager LoginTest -->
